<?xml version="1.0" encoding="UTF-8" ?>
<testsuite failures="0" time="0.219" errors="0" skipped="0" tests="3" name="com.sstorage.captcha.test.TestCalculate">
  <properties>
    <property name="java.runtime.name" value="Java(TM) SE Runtime Environment"/>
    <property name="sun.boot.library.path" value="H:\Program Files\Java\jdk1.6.0_10\jre\bin"/>
    <property name="java.vm.version" value="11.0-b15"/>
    <property name="java.vm.vendor" value="Sun Microsystems Inc."/>
    <property name="java.vendor.url" value="http://java.sun.com/"/>
    <property name="path.separator" value=";"/>
    <property name="guice.disable.misplaced.annotation.check" value="true"/>
    <property name="java.vm.name" value="Java HotSpot(TM) Client VM"/>
    <property name="file.encoding.pkg" value="sun.io"/>
    <property name="user.country" value="CN"/>
    <property name="sun.java.launcher" value="SUN_STANDARD"/>
    <property name="sun.os.patch.level" value="Service Pack 3"/>
    <property name="java.vm.specification.name" value="Java Virtual Machine Specification"/>
    <property name="user.dir" value="C:\Project\sstorage-captcha"/>
    <property name="java.runtime.version" value="1.6.0_10-rc2-b32"/>
    <property name="java.awt.graphicsenv" value="sun.awt.Win32GraphicsEnvironment"/>
    <property name="java.endorsed.dirs" value="H:\Program Files\Java\jdk1.6.0_10\jre\lib\endorsed"/>
    <property name="os.arch" value="x86"/>
    <property name="java.io.tmpdir" value="H:\DOCUME~1\ShiCheng\LOCALS~1\Temp\"/>
    <property name="line.separator" value="
"/>
    <property name="java.vm.specification.vendor" value="Sun Microsystems Inc."/>
    <property name="user.variant" value=""/>
    <property name="os.name" value="Windows XP"/>
    <property name="classworlds.conf" value="H:\Documents and Settings\ShiCheng\workspace\.metadata\.plugins\org.eclipse.m2e.launching\launches\m2conf9045297068533068411.tmp"/>
    <property name="sun.jnu.encoding" value="GBK"/>
    <property name="java.library.path" value="H:\Program Files\Java\jdk1.6.0_10\bin;.;H:\WINDOWS\Sun\Java\bin;H:\WINDOWS\system32;H:\WINDOWS;H:/Program Files/Java/jre7/bin/client;H:/Program Files/Java/jre7/bin;H:/Program Files/Java/jre7/lib/i386;H:\Program Files\Common Files\NetSarang;H:\WINDOWS\system32;H:\WINDOWS;H:\WINDOWS\System32\Wbem%;F:\Programmer Tool\Apache\apache-maven-3.2.5/bin;F:\Programmer Tool\Apache\apache-ant-1.8.4/bin;H:\Program Files\EmEditor;H:\Program Files\SSH Communications Security\SSH Secure Shell;C:\eclipse;"/>
    <property name="java.specification.name" value="Java Platform API Specification"/>
    <property name="java.class.version" value="50.0"/>
    <property name="sun.management.compiler" value="HotSpot Client Compiler"/>
    <property name="os.version" value="5.1"/>
    <property name="user.home" value="H:\Documents and Settings\ShiCheng"/>
    <property name="user.timezone" value="Asia/Shanghai"/>
    <property name="java.awt.printerjob" value="sun.awt.windows.WPrinterJob"/>
    <property name="file.encoding" value="UTF-8"/>
    <property name="java.specification.version" value="1.6"/>
    <property name="user.name" value="ShiCheng"/>
    <property name="java.class.path" value="F:\Programmer Tool\Apache\apache-maven-3.2.5\boot\plexus-classworlds-2.5.2.jar"/>
    <property name="java.vm.specification.version" value="1.0"/>
    <property name="sun.arch.data.model" value="32"/>
    <property name="java.home" value="H:\Program Files\Java\jdk1.6.0_10\jre"/>
    <property name="java.specification.vendor" value="Sun Microsystems Inc."/>
    <property name="user.language" value="zh"/>
    <property name="awt.toolkit" value="sun.awt.windows.WToolkit"/>
    <property name="java.vm.info" value="mixed mode, sharing"/>
    <property name="java.version" value="1.6.0_10-rc2"/>
    <property name="java.ext.dirs" value="H:\Program Files\Java\jdk1.6.0_10\jre\lib\ext;H:\WINDOWS\Sun\Java\lib\ext"/>
    <property name="sun.boot.class.path" value="H:\Program Files\Java\jdk1.6.0_10\jre\lib\resources.jar;H:\Program Files\Java\jdk1.6.0_10\jre\lib\rt.jar;H:\Program Files\Java\jdk1.6.0_10\jre\lib\sunrsasign.jar;H:\Program Files\Java\jdk1.6.0_10\jre\lib\jsse.jar;H:\Program Files\Java\jdk1.6.0_10\jre\lib\jce.jar;H:\Program Files\Java\jdk1.6.0_10\jre\lib\charsets.jar;H:\Program Files\Java\jdk1.6.0_10\jre\classes"/>
    <property name="java.vendor" value="Sun Microsystems Inc."/>
    <property name="maven.home" value="F:\Programmer Tool\Apache\apache-maven-3.2.5"/>
    <property name="file.separator" value="\"/>
    <property name="java.vendor.url.bug" value="http://java.sun.com/cgi-bin/bugreport.cgi"/>
    <property name="sun.cpu.endian" value="little"/>
    <property name="sun.io.unicode.encoding" value="UnicodeLittle"/>
    <property name="sun.desktop" value="windows"/>
    <property name="sun.cpu.isalist" value="pentium_pro+mmx pentium_pro pentium+mmx pentium i486 i386 i86"/>
  </properties>
  <testcase time="0.125" classname="com.sstorage.captcha.test.TestCalculate" name="testCalculateEnum"/>
  <testcase time="0.016" classname="com.sstorage.captcha.test.TestCalculate" name="testDivide"/>
  <testcase time="0.078" classname="com.sstorage.captcha.test.TestCalculate" name="testGenerateImage"/>
</testsuite>